2025.05.19 23:21:51 INFO  Started: Metals version 1.5.3 in folders 'C:\Users\Alexis\AppData\Local\Temp\vuz\project' for client Visual Studio Code 1.100.2.
2025.05.19 23:21:51 INFO  logging to files C:\Users\Alexis\AppData\Local\Temp\vuz\project\.metals\metals.log,C:\Users\Alexis\AppData\Local\Temp\vuz\src\.metals\metals.log
2025.05.19 23:21:51 INFO  no build target found for C:\Users\Alexis\AppData\Local\Temp\vuz\src\main\scala\Data.scala. Using presentation compiler with project's scala-library version: 3.3.6
2025.05.19 23:21:53 INFO  no build target found for C:\Users\Alexis\AppData\Local\Temp\vuz\src\main\scala\Data.scala. Using presentation compiler with project's scala-library version: 3.3.6
2025.05.19 23:21:53 INFO  Attempting to connect to the build server...
2025.05.19 23:21:53 INFO  Found a Bloop server running
2025.05.19 23:21:53 INFO  tracing is disabled for protocol BSP, to enable tracing of incoming and outgoing JSON messages create an empty file at C:\Users\Alexis\AppData\Local\Temp\vuz\project\.metals\bsp.trace.json or C:\Users\Alexis\AppData\Local\scalameta\metals\cache\bsp.trace.json
2025.05.19 23:21:53 INFO  time: Connected to build server in 0.26s
2025.05.19 23:21:53 INFO  Connected to Build server: Bloop v2.0.10
2025.05.19 23:21:54 INFO  Running List(C:\Program Files\scala-cli-x86_64-pc-win32\scala-cli.EXE, setup-ide, C:\Users\Alexis\AppData\Local\Temp\vuz\src)
2025.05.19 23:21:55 INFO  Attempting to connect to the build server...
2025.05.19 23:21:55 INFO  Running BSP server List(C:\Program Files\scala-cli-x86_64-pc-win32\scala-cli.EXE, bsp, --json-options, C:\Users\Alexis\AppData\Local\Temp\vuz\src\.scala-build\ide-options-v2.json, --json-launcher-options, C:\Users\Alexis\AppData\Local\Temp\vuz\src\.scala-build\ide-launcher-options.json, --envs-file, C:\Users\Alexis\AppData\Local\Temp\vuz\src\.scala-build\ide-envs.json, C:\Users\Alexis\AppData\Local\Temp\vuz\src)
2025.05.19 23:21:55 INFO  tracing is disabled for protocol BSP, to enable tracing of incoming and outgoing JSON messages create an empty file at C:\Users\Alexis\AppData\Local\Temp\vuz\src\.metals\bsp.trace.json or C:\Users\Alexis\AppData\Local\scalameta\metals\cache\bsp.trace.json
2025.05.19 23:21:55 INFO  no build target found for C:\Users\Alexis\AppData\Local\Temp\vuz\src\main\scala\Data.scala. Using presentation compiler with project's scala-library version: 3.3.6
2025.05.19 23:21:56 INFO  BSP server: Downloading https://repo1.maven.org/maven2/org/xerial/sqlite-jdbc/3.49.1.0/sqlite-jdbc-3.49.1.0-sources.jar
2025.05.19 23:21:56 INFO  BSP server: Downloading https://repo1.maven.org/maven2/org/scala-lang/scala3-library_3/3.7.0/scala3-library_3-3.7.0-sources.jar
2025.05.19 23:21:56 INFO  BSP server: Downloading https://repo1.maven.org/maven2/org/scala-lang/scala-library/2.13.16/scala-library-2.13.16-sources.jar
2025.05.19 23:21:56 INFO  BSP server: Downloaded https://repo1.maven.org/maven2/org/scala-lang/scala3-library_3/3.7.0/scala3-library_3-3.7.0-sources.jar
2025.05.19 23:21:56 INFO  BSP server: Downloaded https://repo1.maven.org/maven2/org/scala-lang/scala-library/2.13.16/scala-library-2.13.16-sources.jar
2025.05.19 23:21:58 INFO  BSP server: Downloaded https://repo1.maven.org/maven2/org/xerial/sqlite-jdbc/3.49.1.0/sqlite-jdbc-3.49.1.0-sources.jar
2025.05.19 23:21:58 INFO  BSP server: Downloading https://repo1.maven.org/maven2/com/sourcegraph/semanticdb-javac/0.10.0/semanticdb-javac-0.10.0.pom
2025.05.19 23:21:58 INFO  BSP server: Downloaded https://repo1.maven.org/maven2/com/sourcegraph/semanticdb-javac/0.10.0/semanticdb-javac-0.10.0.pom
2025.05.19 23:21:58 INFO  BSP server: Downloading https://repo1.maven.org/maven2/com/sourcegraph/semanticdb-javac/0.10.0/semanticdb-javac-0.10.0.jar
2025.05.19 23:21:58 INFO  BSP server: Downloaded https://repo1.maven.org/maven2/com/sourcegraph/semanticdb-javac/0.10.0/semanticdb-javac-0.10.0.jar
2025.05.19 23:21:59 INFO  time: Connected to build server in 4.04s
2025.05.19 23:21:59 INFO  Connected to Build server: scala-cli v1.8.0
2025.05.19 23:21:59 INFO  compiling src_d5c0a6989e (5 scala sources)
2025.05.19 23:22:04 INFO  time: indexed workspace in 5.39s
2025.05.19 23:22:04 INFO  time: compiled src_d5c0a6989e in 5.04s
2025.05.19 23:22:06 INFO  time: indexed workspace in 11s
мая 19, 2025 11:22:46 PM org.eclipse.lsp4j.jsonrpc.services.GenericEndpoint notify
INFO: Unsupported notification method: $/setTrace
мая 19, 2025 11:23:23 PM scala.meta.internal.metals.StdReporter $anonfun$create$1
WARNING: empty definition using pc, found symbol in pc: `<none>`. (full report at: C:\Users\Alexis\AppData\Local\Temp\vuz\src\.metals\.reports\metals-full\2025-05-19\r_empty-definition_(src_d5c0a6989e)_23-23-23-347.md)
2025.05.19 23:23:29 INFO  compiling src_d5c0a6989e (1 scala source)
2025.05.19 23:23:29 INFO  time: compiled src_d5c0a6989e in 0.27s
2025.05.19 23:23:31 INFO  compiling src_d5c0a6989e (1 scala source)
2025.05.19 23:23:31 INFO  time: compiled src_d5c0a6989e in 0.4s
2025.05.19 23:24:31 INFO  Shutting down server
2025.05.19 23:24:31 INFO  shutting down Metals
2025.05.19 23:24:31 INFO  Shut down connection with build server.
2025.05.19 23:24:31 INFO  Shut down connection with build server.
2025.05.19 23:24:31 INFO  Exiting server
2025.05.19 23:24:52 INFO  Started: Metals version 1.5.3 in folders 'C:\Users\Alexis\AppData\Local\Temp\vuz\project, C:\Users\Alexis\AppData\Local\Temp\vuz\src' for client Visual Studio Code 1.100.2.
2025.05.19 23:24:52 INFO  no build target found for C:\Users\Alexis\AppData\Local\Temp\vuz\src\main\scala\Main.scala. Using presentation compiler with project's scala-library version: 3.3.6
2025.05.19 23:24:54 INFO  Attempting to connect to the build server...
2025.05.19 23:24:54 INFO  Running BSP server List(C:\Program Files\scala-cli-x86_64-pc-win32\scala-cli.EXE, bsp, --json-options, C:\Users\Alexis\AppData\Local\Temp\vuz\src\.scala-build\ide-options-v2.json, --json-launcher-options, C:\Users\Alexis\AppData\Local\Temp\vuz\src\.scala-build\ide-launcher-options.json, --envs-file, C:\Users\Alexis\AppData\Local\Temp\vuz\src\.scala-build\ide-envs.json, C:\Users\Alexis\AppData\Local\Temp\vuz\src)
2025.05.19 23:24:54 INFO  Attempting to connect to the build server...
2025.05.19 23:24:55 INFO  no build target found for C:\Users\Alexis\AppData\Local\Temp\vuz\src\main\scala\Main.scala. Using presentation compiler with project's scala-library version: 3.3.6
2025.05.19 23:24:55 INFO  tracing is disabled for protocol BSP, to enable tracing of incoming and outgoing JSON messages create an empty file at C:\Users\Alexis\AppData\Local\Temp\vuz\src\.metals\bsp.trace.json or C:\Users\Alexis\AppData\Local\scalameta\metals\cache\bsp.trace.json
2025.05.19 23:24:54 INFO  Found a Bloop server running
2025.05.19 23:24:55 INFO  tracing is disabled for protocol BSP, to enable tracing of incoming and outgoing JSON messages create an empty file at C:\Users\Alexis\AppData\Local\Temp\vuz\project\.metals\bsp.trace.json or C:\Users\Alexis\AppData\Local\scalameta\metals\cache\bsp.trace.json
2025.05.19 23:24:54 INFO  time: Connected to build server in 0.43s
2025.05.19 23:24:55 INFO  Connected to Build server: Bloop v2.0.10
2025.05.19 23:24:55 INFO  time: Imported build in 0.24s
2025.05.19 23:24:58 INFO  time: Connected to build server in 3.31s
2025.05.19 23:24:58 INFO  Connected to Build server: scala-cli v1.8.0
2025.05.19 23:25:00 INFO  time: indexed workspace in 2.42s
2025.05.19 23:25:01 INFO  time: indexed workspace in 5.69s
2025.05.19 23:25:01 WARN  no build target for: C:\Users\Alexis\AppData\Local\Temp\vuz\src\main\scala\Main.scala
мая 19, 2025 11:25:01 PM org.eclipse.lsp4j.jsonrpc.services.GenericEndpoint notify
INFO: Unsupported notification method: $/setTrace
2025.05.19 23:28:59 INFO  Shutting down server
2025.05.19 23:28:59 INFO  shutting down Metals
2025.05.19 23:28:59 INFO  Shut down connection with build server.
2025.05.19 23:28:59 INFO  Shut down connection with build server.
2025.05.19 23:28:59 INFO  Exiting server
2025.05.19 23:29:09 INFO  Started: Metals version 1.5.3 in folders 'C:\Users\Alexis\AppData\Local\Temp\vuz\project, C:\Users\Alexis\AppData\Local\Temp\vuz\src' for client Visual Studio Code 1.100.2.
2025.05.19 23:29:10 INFO  Attempting to connect to the build server...
2025.05.19 23:29:10 INFO  Attempting to connect to the build server...
2025.05.19 23:29:10 INFO  Running BSP server List(C:\Program Files\scala-cli-x86_64-pc-win32\scala-cli.EXE, bsp, --json-options, C:\Users\Alexis\AppData\Local\Temp\vuz\src\.scala-build\ide-options-v2.json, --json-launcher-options, C:\Users\Alexis\AppData\Local\Temp\vuz\src\.scala-build\ide-launcher-options.json, --envs-file, C:\Users\Alexis\AppData\Local\Temp\vuz\src\.scala-build\ide-envs.json, C:\Users\Alexis\AppData\Local\Temp\vuz\src)
2025.05.19 23:29:10 INFO  tracing is disabled for protocol BSP, to enable tracing of incoming and outgoing JSON messages create an empty file at C:\Users\Alexis\AppData\Local\Temp\vuz\src\.metals\bsp.trace.json or C:\Users\Alexis\AppData\Local\scalameta\metals\cache\bsp.trace.json
2025.05.19 23:29:10 INFO  Found a Bloop server running
2025.05.19 23:29:11 INFO  tracing is disabled for protocol BSP, to enable tracing of incoming and outgoing JSON messages create an empty file at C:\Users\Alexis\AppData\Local\Temp\vuz\project\.metals\bsp.trace.json or C:\Users\Alexis\AppData\Local\scalameta\metals\cache\bsp.trace.json
2025.05.19 23:29:11 INFO  time: Connected to build server in 0.38s
2025.05.19 23:29:11 INFO  Connected to Build server: Bloop v2.0.10
2025.05.19 23:29:11 INFO  time: Imported build in 0.12s
2025.05.19 23:29:13 INFO  time: Connected to build server in 3.05s
2025.05.19 23:29:13 INFO  Connected to Build server: scala-cli v1.8.0
2025.05.19 23:29:16 INFO  time: indexed workspace in 5.56s
2025.05.19 23:29:16 INFO  time: indexed workspace in 3.02s
мая 19, 2025 11:29:24 PM org.eclipse.lsp4j.jsonrpc.RemoteEndpoint handleCancellation
WARNING: Unmatched cancel notification for request id 1
мая 19, 2025 11:29:28 PM org.eclipse.lsp4j.jsonrpc.services.GenericEndpoint notify
INFO: Unsupported notification method: $/setTrace
мая 19, 2025 11:30:57 PM org.eclipse.lsp4j.jsonrpc.RemoteEndpoint handleCancellation
WARNING: Unmatched cancel notification for request id 10
мая 19, 2025 11:39:18 PM org.eclipse.lsp4j.jsonrpc.services.GenericEndpoint notify
INFO: Unsupported notification method: $/setTrace
2025.05.19 23:39:18 INFO  Shutting down server
2025.05.19 23:39:18 INFO  shutting down Metals
2025.05.19 23:39:18 INFO  Shut down connection with build server.
2025.05.19 23:39:18 INFO  Shut down connection with build server.
2025.05.19 23:39:18 INFO  Exiting server
